09/04/2024 12:46:58 PM - DEBUG - random data of relation get selected
09/04/2024 12:46:58 PM - DEBUG - random data of relation get selected
09/04/2024 12:46:58 PM - INFO - row_data auto_self sends to dynamic xpath relations and age
09/04/2024 12:46:58 PM - INFO - row_data auto_self sends to dynamic xpath relations and age
09/04/2024 12:47:00 PM - DEBUG - selected member get clicked
09/04/2024 12:47:00 PM - DEBUG - selected member get clicked
09/04/2024 12:47:00 PM - DEBUG - selected member age get clicked
09/04/2024 12:47:00 PM - DEBUG - selected member age get clicked
09/04/2024 12:47:01 PM - DEBUG -  send the keys to the required fields
09/04/2024 12:47:01 PM - DEBUG -  send the keys to the required fields
09/04/2024 12:47:01 PM - INFO - row_data auto_spouse sends to dynamic xpath relations and age
09/04/2024 12:47:01 PM - INFO - row_data auto_spouse sends to dynamic xpath relations and age
09/04/2024 12:47:01 PM - DEBUG - selected member get clicked
09/04/2024 12:47:01 PM - DEBUG - selected member get clicked
09/04/2024 12:47:01 PM - DEBUG - selected member age get clicked
09/04/2024 12:47:01 PM - DEBUG - selected member age get clicked
09/04/2024 12:47:01 PM - DEBUG -  send the keys to the required fields
09/04/2024 12:47:01 PM - DEBUG -  send the keys to the required fields
09/04/2024 12:47:01 PM - INFO - row_data auto_son sends to dynamic xpath relations and age
09/04/2024 12:47:01 PM - INFO - row_data auto_son sends to dynamic xpath relations and age
09/04/2024 12:47:01 PM - DEBUG - selected member get clicked
09/04/2024 12:47:01 PM - DEBUG - selected member get clicked
09/04/2024 12:47:02 PM - DEBUG - selected member age get clicked
09/04/2024 12:47:02 PM - DEBUG - selected member age get clicked
09/04/2024 12:47:02 PM - DEBUG -  send the keys to the required fields
09/04/2024 12:47:02 PM - DEBUG -  send the keys to the required fields
09/04/2024 12:47:02 PM - INFO - row_data auto_daughter sends to dynamic xpath relations and age
09/04/2024 12:47:02 PM - INFO - row_data auto_daughter sends to dynamic xpath relations and age
09/04/2024 12:47:02 PM - DEBUG - selected member get clicked
09/04/2024 12:47:02 PM - DEBUG - selected member get clicked
09/04/2024 12:47:02 PM - DEBUG - selected member age get clicked
09/04/2024 12:47:02 PM - DEBUG - selected member age get clicked
09/04/2024 12:47:03 PM - DEBUG -  send the keys to the required fields
09/04/2024 12:47:03 PM - DEBUG -  send the keys to the required fields
09/04/2024 12:47:03 PM - INFO - row_data auto_father sends to dynamic xpath relations and age
09/04/2024 12:47:03 PM - INFO - row_data auto_father sends to dynamic xpath relations and age
09/04/2024 12:47:03 PM - DEBUG - selected member get clicked
09/04/2024 12:47:03 PM - DEBUG - selected member get clicked
09/04/2024 12:47:03 PM - DEBUG - selected member age get clicked
09/04/2024 12:47:03 PM - DEBUG - selected member age get clicked
09/04/2024 12:47:03 PM - DEBUG -  send the keys to the required fields
09/04/2024 12:47:03 PM - DEBUG -  send the keys to the required fields
09/04/2024 12:47:03 PM - INFO - row_data auto_mother sends to dynamic xpath relations and age
09/04/2024 12:47:03 PM - INFO - row_data auto_mother sends to dynamic xpath relations and age
09/04/2024 12:47:03 PM - DEBUG - selected member get clicked
09/04/2024 12:47:03 PM - DEBUG - selected member get clicked
09/04/2024 12:47:04 PM - DEBUG - selected member age get clicked
09/04/2024 12:47:04 PM - DEBUG - selected member age get clicked
09/04/2024 12:47:04 PM - DEBUG -  send the keys to the required fields
09/04/2024 12:47:04 PM - DEBUG -  send the keys to the required fields
09/04/2024 12:47:04 PM - INFO - clicked on the continue button
09/04/2024 12:47:04 PM - INFO - clicked on the continue button
